<?xml version="1.0" encoding="UTF-8" ?>
<testsuite tests="22" failures="0" name="pivotsecurity.rest.client.RestClientTest" time="0.137" errors="0" skipped="0">
  <properties>
    <property name="java.runtime.name" value="Java(TM) SE Runtime Environment"/>
    <property name="sun.boot.library.path" value="/Library/Java/JavaVirtualMachines/jdk1.8.0_25.jdk/Contents/Home/jre/lib"/>
    <property name="java.vm.version" value="25.25-b02"/>
    <property name="gopherProxySet" value="false"/>
    <property name="java.vm.vendor" value="Oracle Corporation"/>
    <property name="maven.multiModuleProjectDirectory" value="/Users/guruprasad/Downloads/ag2test/OpenEdge/phoneix/web2/3fa_security/client_libraries/pivotsecurity-java"/>
    <property name="java.vendor.url" value="http://java.oracle.com/"/>
    <property name="path.separator" value=":"/>
    <property name="guice.disable.misplaced.annotation.check" value="true"/>
    <property name="java.vm.name" value="Java HotSpot(TM) 64-Bit Server VM"/>
    <property name="file.encoding.pkg" value="sun.io"/>
    <property name="user.country" value="IE"/>
    <property name="sun.java.launcher" value="SUN_STANDARD"/>
    <property name="sun.os.patch.level" value="unknown"/>
    <property name="java.vm.specification.name" value="Java Virtual Machine Specification"/>
    <property name="user.dir" value="/Users/guruprasad/Downloads/ag2test/OpenEdge/phoneix/web2/3fa_security/client_libraries/pivotsecurity-java"/>
    <property name="java.runtime.version" value="1.8.0_25-b17"/>
    <property name="java.awt.graphicsenv" value="sun.awt.CGraphicsEnvironment"/>
    <property name="java.endorsed.dirs" value="/Library/Java/JavaVirtualMachines/jdk1.8.0_25.jdk/Contents/Home/jre/lib/endorsed"/>
    <property name="os.arch" value="x86_64"/>
    <property name="java.io.tmpdir" value="/var/folders/0n/8199qz6942l7h7hdttgz714w0000gn/T/"/>
    <property name="line.separator" value="
"/>
    <property name="java.vm.specification.vendor" value="Oracle Corporation"/>
    <property name="os.name" value="Mac OS X"/>
    <property name="classworlds.conf" value="/Users/guruprasad/Documents/tools/apache-maven-3.5.0/bin/m2.conf"/>
    <property name="sun.jnu.encoding" value="UTF-8"/>
    <property name="java.library.path" value="/Users/guruprasad/Library/Java/Extensions:/Library/Java/Extensions:/Network/Library/Java/Extensions:/System/Library/Java/Extensions:/usr/lib/java:."/>
    <property name="maven.conf" value="/Users/guruprasad/Documents/tools/apache-maven-3.5.0/conf"/>
    <property name="javax.net.ssl.trustStore" value="/Users/guruprasad/Downloads/ag2test/OpenEdge/phoneix/web2/3fa_security/client_libraries/pivotsecurity-java/jssecacerts"/>
    <property name="java.specification.name" value="Java Platform API Specification"/>
    <property name="java.class.version" value="52.0"/>
    <property name="sun.management.compiler" value="HotSpot 64-Bit Tiered Compilers"/>
    <property name="os.version" value="10.13.6"/>
    <property name="library.jansi.path" value="/Users/guruprasad/Documents/tools/apache-maven-3.5.0/lib/jansi-native/osx64"/>
    <property name="http.nonProxyHosts" value="local|*.local|169.254/16|*.169.254/16"/>
    <property name="user.home" value="/Users/guruprasad"/>
    <property name="user.timezone" value="Europe/Dublin"/>
    <property name="java.awt.printerjob" value="sun.lwawt.macosx.CPrinterJob"/>
    <property name="java.specification.version" value="1.8"/>
    <property name="file.encoding" value="UTF-8"/>
    <property name="user.name" value="guruprasad"/>
    <property name="java.class.path" value="/Users/guruprasad/Documents/tools/apache-maven-3.5.0/boot/plexus-classworlds-2.5.2.jar"/>
    <property name="java.vm.specification.version" value="1.8"/>
    <property name="sun.arch.data.model" value="64"/>
    <property name="java.home" value="/Library/Java/JavaVirtualMachines/jdk1.8.0_25.jdk/Contents/Home/jre"/>
    <property name="sun.java.command" value="org.codehaus.plexus.classworlds.launcher.Launcher test"/>
    <property name="java.specification.vendor" value="Oracle Corporation"/>
    <property name="user.language" value="en"/>
    <property name="awt.toolkit" value="sun.lwawt.macosx.LWCToolkit"/>
    <property name="java.vm.info" value="mixed mode"/>
    <property name="java.version" value="1.8.0_25"/>
    <property name="java.ext.dirs" value="/Users/guruprasad/Library/Java/Extensions:/Library/Java/JavaVirtualMachines/jdk1.8.0_25.jdk/Contents/Home/jre/lib/ext:/Library/Java/Extensions:/Network/Library/Java/Extensions:/System/Library/Java/Extensions:/usr/lib/java"/>
    <property name="sun.boot.class.path" value="/Library/Java/JavaVirtualMachines/jdk1.8.0_25.jdk/Contents/Home/jre/lib/resources.jar:/Library/Java/JavaVirtualMachines/jdk1.8.0_25.jdk/Contents/Home/jre/lib/rt.jar:/Library/Java/JavaVirtualMachines/jdk1.8.0_25.jdk/Contents/Home/jre/lib/sunrsasign.jar:/Library/Java/JavaVirtualMachines/jdk1.8.0_25.jdk/Contents/Home/jre/lib/jsse.jar:/Library/Java/JavaVirtualMachines/jdk1.8.0_25.jdk/Contents/Home/jre/lib/jce.jar:/Library/Java/JavaVirtualMachines/jdk1.8.0_25.jdk/Contents/Home/jre/lib/charsets.jar:/Library/Java/JavaVirtualMachines/jdk1.8.0_25.jdk/Contents/Home/jre/lib/jfr.jar:/Library/Java/JavaVirtualMachines/jdk1.8.0_25.jdk/Contents/Home/jre/classes"/>
    <property name="java.vendor" value="Oracle Corporation"/>
    <property name="maven.home" value="/Users/guruprasad/Documents/tools/apache-maven-3.5.0"/>
    <property name="file.separator" value="/"/>
    <property name="java.vendor.url.bug" value="http://bugreport.sun.com/bugreport/"/>
    <property name="sun.cpu.endian" value="little"/>
    <property name="sun.io.unicode.encoding" value="UnicodeBig"/>
    <property name="socksNonProxyHosts" value="local|*.local|169.254/16|*.169.254/16"/>
    <property name="ftp.nonProxyHosts" value="local|*.local|169.254/16|*.169.254/16"/>
    <property name="sun.cpu.isalist" value=""/>
  </properties>
  <testcase classname="pivotsecurity.rest.client.RestClientTest" name="mustHandleAllHttpMethods" time="0.03"/>
  <testcase classname="pivotsecurity.rest.client.RestClientTest" name="mustBeConstructedWithAValidHttpClient" time="0"/>
  <testcase classname="pivotsecurity.rest.client.RestClientTest" name="mustExposeTheBaseUri" time="0.003"/>
  <testcase classname="pivotsecurity.rest.client.RestClientTest" name="shoudlFailConstructionWithAnInvalidHttpClient" time="0.001"/>
  <testcase classname="pivotsecurity.rest.client.RestClientTest" name="mustNotExecuteAnInvalidRequest" time="0.001"/>
  <testcase classname="pivotsecurity.rest.client.RestClientTest" name="mustNotExecuteANullRestRequest" time="0.002"/>
  <testcase classname="pivotsecurity.rest.client.RestClientTest" name="mustNotifyCallerIfHttpCallFailsDueToAnIoFailure" time="0.038"/>
  <testcase classname="pivotsecurity.rest.client.RestClientTest" name="mustNotifyCallerIfHttpCallFailsDueToAProtocolFailure" time="0.001"/>
  <testcase classname="pivotsecurity.rest.client.RestClientTest" name="responseShouldContainTheResultCodeOfASuccessfullHttpCall" time="0.001"/>
  <testcase classname="pivotsecurity.rest.client.RestClientTest" name="shouldNotifyCallerThatNullHostAddressesAreNotHandled" time="0.001"/>
  <testcase classname="pivotsecurity.rest.client.RestClientTest" name="shouldNotifyCallerThatInvalidResourceUriAreNotHandled" time="0.001"/>
  <testcase classname="pivotsecurity.rest.client.RestClientTest" name="shouldCreateHttpMethodsToMatchTheMethodInTheRestRequest" time="0.001"/>
  <testcase classname="pivotsecurity.rest.client.RestClientTest" name="shouldNotifyCallerThatMethodMatchingTheOneInTheRestRequestCannotBeFound" time="0.001"/>
  <testcase classname="pivotsecurity.rest.client.RestClientTest" name="shouldNotifyCallerThatMethodMatchingTheOneInTheRestRequestCannotBeInstantiated" time="0.001"/>
  <testcase classname="pivotsecurity.rest.client.RestClientTest" name="shouldNotifyCallerThatMethodMatchingTheOneInTheRestRequestFailsWhenInstantiating" time="0.002"/>
  <testcase classname="pivotsecurity.rest.client.RestClientTest" name="shouldCreateMultipartEntityIfRestRequestHasNonNullMultipartFileName" time="0.04"/>
  <testcase classname="pivotsecurity.rest.client.RestClientTest" name="shouldCreateMultipartEntityIfRestRequestHasNonEmptyMultiparts" time="0.006"/>
  <testcase classname="pivotsecurity.rest.client.RestClientTest" name="shouldCreateMultipartEntityIfRestRequestHasNonNullMultipartFileNames" time="0.001"/>
  <testcase classname="pivotsecurity.rest.client.RestClientTest" name="shouldCreateMultipartEntityIfRestRequestHasNonNullTwoMultipartFileNames" time="0"/>
  <testcase classname="pivotsecurity.rest.client.RestClientTest" name="shouldThrowExceptionIfMultipartFileNameDoesNotExist" time="0.001"/>
  <testcase classname="pivotsecurity.rest.client.RestClientTest" name="shouldCreateFileRequestEntityIfRestRequestHasNonNullFileName" time="0.004"/>
  <testcase classname="pivotsecurity.rest.client.RestClientTest" name="shouldThrowExeptionIfFileNameDoesNotExist" time="0.001"/>
</testsuite>